<?xml version="1.0" encoding="UTF-8"?>
<!-- Generated by org.testng.reporters.JUnitXMLReporter -->
<testsuite hostname="DESK-20180722NA" ignored="0" name="直播列表" tests="7" failures="0" timestamp="23 Sep 2021 10:00:44 GMT" time="98.097" errors="0">
  <testcase name="liveCategoryList" time="0.151" classname="hlife.test.integration.LiveList"/>
  <testcase name="liveFocuslist" time="55.007" classname="hlife.test.integration.LiveList"/>
  <testcase name="liveRecommend" time="0.155" classname="hlife.test.integration.LiveList"/>
  <testcase name="liveRecommendlist" time="6.758" classname="hlife.test.integration.LiveList"/>
  <testcase name="advList" time="0.644" classname="hlife.test.integration.LiveList"/>
  <testcase name="liveList" time="3.947" classname="hlife.test.integration.LiveList"/>
  <testcase name="liveCategorySort" time="6.771" classname="hlife.test.integration.LiveList"/>
</testsuite> <!-- 直播列表 -->
