<?xml version="1.0" encoding="UTF-8"?>
<!-- Generated by org.testng.reporters.JUnitXMLReporter -->
<testsuite hostname="DESK-20180722NA" ignored="0" name="房产列表" tests="5" failures="0" timestamp="23 Sep 2021 10:07:55 GMT" time="64.664" errors="0">
  <testcase name="tagList" time="0.155" classname="hlife.test.integration.HouseList"/>
  <testcase name="city" time="0.156" classname="hlife.test.integration.HouseList"/>
  <testcase name="brandList" time="1.969" classname="hlife.test.integration.HouseList"/>
  <testcase name="houseList" time="23.182" classname="hlife.test.integration.HouseList"/>
  <testcase name="houseList_barand" time="15.015" classname="hlife.test.integration.HouseList"/>
</testsuite> <!-- 房产列表 -->
