<?xml version="1.0" encoding="UTF-8"?>
<!-- Generated by org.testng.reporters.JUnitXMLReporter -->
<testsuite hostname="DESK-20180722NA" ignored="0" name="直播连麦" tests="14" failures="1" timestamp="23 Sep 2021 10:05:18 GMT" time="66.194" errors="0">
  <testcase name="liveCategoryList" time="11.825" classname="hlife.test.integration.LiveRtcFunc"/>
  <testcase name="liveCreate" time="3.135" classname="hlife.test.integration.LiveRtcFunc"/>
  <testcase name="liveOpenRtcFunc" time="0.627" classname="hlife.test.integration.LiveRtcFunc"/>
  <testcase name="liveJoin" time="0.936" classname="hlife.test.integration.LiveRtcFunc"/>
  <testcase name="chatroomInvite" time="0.313" classname="hlife.test.integration.LiveRtcFunc"/>
  <testcase name="chatroomUserAgree" time="24.653" classname="hlife.test.integration.LiveRtcFunc">
    <failure type="org.apache.http.conn.HttpHostConnectException" message="Connect to apitest.hishenghuo.com.cn:4000 [apitest.hishenghuo.com.cn/180.168.92.154] failed: Connection timed out: connect">
      <![CDATA[org.apache.http.conn.HttpHostConnectException: Connect to apitest.hishenghuo.com.cn:4000 [apitest.hishenghuo.com.cn/180.168.92.154] failed: Connection timed out: connect
at org.apache.http.impl.conn.DefaultHttpClientConnectionOperator.connect(DefaultHttpClientConnectionOperator.java:158)
at org.apache.http.impl.conn.PoolingHttpClientConnectionManager.connect(PoolingHttpClientConnectionManager.java:353)
at org.apache.http.impl.execchain.MainClientExec.establishRoute(MainClientExec.java:380)
at org.apache.http.impl.execchain.MainClientExec.execute(MainClientExec.java:236)
at org.apache.http.impl.execchain.ProtocolExec.execute(ProtocolExec.java:184)
at org.apache.http.impl.execchain.RetryExec.execute(RetryExec.java:88)
at org.apache.http.impl.execchain.RedirectExec.execute(RedirectExec.java:110)
at org.apache.http.impl.client.InternalHttpClient.doExecute(InternalHttpClient.java:184)
at org.apache.http.impl.client.CloseableHttpClient.execute(CloseableHttpClient.java:82)
at org.apache.http.impl.client.CloseableHttpClient.execute(CloseableHttpClient.java:107)
at hlife.httpclient.HttpClient.post(HttpClient.java:171)
at hlife.httpclient.HttpClient.post(HttpClient.java:188)
at hlife.test.integration.LiveRtcFunc.chatroomManagement(LiveRtcFunc.java:767)
at hlife.test.integration.LiveRtcFunc.chatroomUserAgree(LiveRtcFunc.java:298)
Caused by: java.net.ConnectException: Connection timed out: connect
at java.net.DualStackPlainSocketImpl.connect0(Native Method)
at java.net.DualStackPlainSocketImpl.socketConnect(DualStackPlainSocketImpl.java:79)
at java.net.AbstractPlainSocketImpl.doConnect(AbstractPlainSocketImpl.java:350)
at java.net.AbstractPlainSocketImpl.connectToAddress(AbstractPlainSocketImpl.java:206)
at java.net.AbstractPlainSocketImpl.connect(AbstractPlainSocketImpl.java:188)
at java.net.PlainSocketImpl.connect(PlainSocketImpl.java:172)
at java.net.SocksSocketImpl.connect(SocksSocketImpl.java:392)
at java.net.Socket.connect(Socket.java:589)
at org.apache.http.conn.socket.PlainConnectionSocketFactory.connectSocket(PlainConnectionSocketFactory.java:74)
at org.apache.http.impl.conn.DefaultHttpClientConnectionOperator.connect(DefaultHttpClientConnectionOperator.java:141)
... 44 more
... Removed 31 stack frames]]>
    </failure>
  </testcase> <!-- chatroomUserAgree -->
  <testcase name="chatroomManage" time="0.0" classname="hlife.test.integration.LiveRtcFunc">
    <skipped/>
  </testcase> <!-- chatroomManage -->
  <testcase name="chatroomMuteAll" time="0.0" classname="hlife.test.integration.LiveRtcFunc">
    <skipped/>
  </testcase> <!-- chatroomMuteAll -->
  <testcase name="chatroomManage_getout" time="0.0" classname="hlife.test.integration.LiveRtcFunc">
    <skipped/>
  </testcase> <!-- chatroomManage_getout -->
  <testcase name="chatroomApply" time="0.0" classname="hlife.test.integration.LiveRtcFunc">
    <skipped/>
  </testcase> <!-- chatroomApply -->
  <testcase name="chatroomApplyList" time="0.0" classname="hlife.test.integration.LiveRtcFunc">
    <skipped/>
  </testcase> <!-- chatroomApplyList -->
  <testcase name="chatroomAgree" time="0.0" classname="hlife.test.integration.LiveRtcFunc">
    <skipped/>
  </testcase> <!-- chatroomAgree -->
  <testcase name="chatroomUserCloseMute" time="0.0" classname="hlife.test.integration.LiveRtcFunc">
    <skipped/>
  </testcase> <!-- chatroomUserCloseMute -->
  <testcase name="liveCloseRtcFunc" time="0.0" classname="hlife.test.integration.LiveRtcFunc">
    <skipped/>
  </testcase> <!-- liveCloseRtcFunc -->
</testsuite> <!-- 直播连麦 -->
