<?xml version="1.0" encoding="UTF-8"?>
<!-- Generated by org.testng.reporters.JUnitXMLReporter -->
<testsuite hostname="DESK-20180722NA" ignored="0" name="直播商品与用户权限" tests="15" failures="0" timestamp="23 Sep 2021 10:05:56 GMT" time="38.165" errors="0">
  <testcase name="houseDefaultCity" time="0.133" classname="hlife.test.integration.LivePower"/>
  <testcase name="liveCategoryList" time="0.152" classname="hlife.test.integration.LivePower"/>
  <testcase name="house_list" time="1.657" classname="hlife.test.integration.LivePower"/>
  <testcase name="liveCreate" time="2.947" classname="hlife.test.integration.LivePower"/>
  <testcase name="liveJoin" time="0.596" classname="hlife.test.integration.LivePower"/>
  <testcase name="publicReDataEdit" time="0.344" classname="hlife.test.integration.LivePower"/>
  <testcase name="publicReDataList" time="1.471" classname="hlife.test.integration.LivePower"/>
  <testcase name="liveBan" time="0.74" classname="hlife.test.integration.LivePower"/>
  <testcase name="liveBlock" time="1.606" classname="hlife.test.integration.LivePower"/>
  <testcase name="liveManageAdd" time="0.519" classname="hlife.test.integration.LivePower"/>
  <testcase name="liveReShow" time="0.497" classname="hlife.test.integration.LivePower"/>
  <testcase name="liveManageDel" time="0.539" classname="hlife.test.integration.LivePower"/>
  <testcase name="liveUnBan" time="0.833" classname="hlife.test.integration.LivePower"/>
  <testcase name="liveUnBlock" time="0.912" classname="hlife.test.integration.LivePower"/>
  <testcase name="liveReHide" time="0.496" classname="hlife.test.integration.LivePower"/>
</testsuite> <!-- 直播商品与用户权限 -->
