<?xml version="1.0" encoding="UTF-8"?>
<testsuite xmlns:xsi="http://www.w3.org/2001/XMLSchema-instance" xsi:noNamespaceSchemaLocation="https://maven.apache.org/surefire/maven-surefire-plugin/xsd/surefire-test-report.xsd" name="TestSuite" time="531.965" tests="90" errors="0" skipped="8" failures="2">
  <properties>
[...]
</properties>
  <testcase name="liveCategoryList" classname="hlife.test.integration.LiveList" time="0.17"/>
  <testcase name="liveFocuslist" classname="hlife.test.integration.LiveList" time="55.232"/>
  <testcase name="liveRecommend" classname="hlife.test.integration.LiveList" time="0.155"/>
  <testcase name="liveRecommendlist" classname="hlife.test.integration.LiveList" time="6.781"/>
  <testcase name="advList" classname="hlife.test.integration.LiveList" time="0.646"/>
  <testcase name="liveList" classname="hlife.test.integration.LiveList" time="3.959"/>
  <testcase name="liveCategorySort" classname="hlife.test.integration.LiveList" time="6.804"/>
  <testcase name="liveCategoryList" classname="hlife.test.integration.LiveGift" time="0.159"/>
  <testcase name="remind" classname="hlife.test.integration.LiveGift" time="0.017">
    <failure message="每间隔1天，判断gift_pop是否走等于0的逻辑liveGiftPopInfo方法 expected [false] but found [true]" type="java.lang.AssertionError">java.lang.AssertionError: 每间隔1天，判断gift_pop是否走等于0的逻辑liveGiftPopInfo方法 expected [false] but found [true]
	at hlife.test.integration.LiveGift.remind(LiveGift.java:673)
</failure>
  </testcase>
  <testcase name="liveCreate" classname="hlife.test.integration.LiveGift" time="3.149"/>
  <testcase name="liveDetail" classname="hlife.test.integration.LiveGift" time="0.342"/>
  <testcase name="liveJoin" classname="hlife.test.integration.LiveGift" time="0.59"/>
  <testcase name="liveGiftPopInfo" classname="hlife.test.integration.LiveGift" time="0"/>
  <testcase name="liveOnlineUser" classname="hlife.test.integration.LiveGift" time="6.191"/>
  <testcase name="liveOpera" classname="hlife.test.integration.LiveGift" time="0.618"/>
  <testcase name="liveQuit" classname="hlife.test.integration.LiveGift" time="0.179"/>
  <testcase name="againCreate" classname="hlife.test.integration.LiveGift" time="3.167"/>
  <testcase name="isDel" classname="hlife.test.integration.LiveGift" time="6.016"/>
  <testcase name="liveGiftList" classname="hlife.test.integration.LiveGift" time="2.363"/>
  <testcase name="liveGiftSend" classname="hlife.test.integration.LiveGift" time="1.239"/>
  <testcase name="payCopperRechargePackage" classname="hlife.test.integration.LiveGift" time="0"/>
  <testcase name="liveGiftUser" classname="hlife.test.integration.LiveGift" time="6.807"/>
  <testcase name="advList" classname="hlife.test.integration.LiveNoticeList" time="0.662"/>
  <testcase name="createLiveNotice" classname="hlife.test.integration.LiveNoticeList" time="1.529"/>
  <testcase name="liveCategoryList" classname="hlife.test.integration.LiveNoticeList" time="0.158"/>
  <testcase name="liveNoticeDet" classname="hlife.test.integration.LiveNoticeList" time="0.659"/>
  <testcase name="liveNoticeFocuslist" classname="hlife.test.integration.LiveNoticeList" time="1.466"/>
  <testcase name="setLiveNoticeRecommend" classname="hlife.test.integration.LiveNoticeList" time="0.002"/>
  <testcase name="liveNoticeEnroll" classname="hlife.test.integration.LiveNoticeList" time="12.823"/>
  <testcase name="liveNoticeList" classname="hlife.test.integration.LiveNoticeList" time="1.128"/>
  <testcase name="liveNoticeRecommendList" classname="hlife.test.integration.LiveNoticeList" time="2.803"/>
  <testcase name="cancelEnroll" classname="hlife.test.integration.LiveNoticeList" time="3.326"/>
  <testcase name="liveNoticeList_mine" classname="hlife.test.integration.LiveNoticeList" time="8.313"/>
  <testcase name="liveNoticeCancel" classname="hlife.test.integration.LiveNoticeList" time="0.167"/>
  <testcase name="fansGroupApply" classname="hlife.test.integration.LiveRoom" time="15.872"/>
  <testcase name="liveCategoryList" classname="hlife.test.integration.LiveRoom" time="0.163"/>
  <testcase name="fansGroupDetail" classname="hlife.test.integration.LiveRoom" time="6.086"/>
  <testcase name="liveAppCreate" classname="hlife.test.integration.LiveRoom" time="6.293"/>
  <testcase name="QuitOrJoin" classname="hlife.test.integration.LiveRoom" time="13.94"/>
  <testcase name="liveCreate" classname="hlife.test.integration.LiveRoom" time="2.997"/>
  <testcase name="liveAppCreate1" classname="hlife.test.integration.LiveRoom" time="6.559"/>
  <testcase name="liveDetail" classname="hlife.test.integration.LiveRoom" time="1.119"/>
  <testcase name="liveUserInfo" classname="hlife.test.integration.LiveRoom" time="6.179"/>
  <testcase name="liveStatus" classname="hlife.test.integration.LiveRoom" time="0.517"/>
  <testcase name="followIndex" classname="hlife.test.integration.LiveRoom" time="12.259"/>
  <testcase name="liveCategoryList" classname="hlife.test.integration.LiveRtcFunc" time="11.844"/>
  <testcase name="liveCreate" classname="hlife.test.integration.LiveRtcFunc" time="3.146"/>
  <testcase name="liveOpenRtcFunc" classname="hlife.test.integration.LiveRtcFunc" time="0.629"/>
  <testcase name="liveJoin" classname="hlife.test.integration.LiveRtcFunc" time="0.94"/>
  <testcase name="chatroomInvite" classname="hlife.test.integration.LiveRtcFunc" time="0.315"/>
  <testcase name="chatroomUserAgree" classname="hlife.test.integration.LiveRtcFunc" time="24.657">
    <failure message="Connect to apitest.hishenghuo.com.cn:4000 [apitest.hishenghuo.com.cn/180.168.92.154] failed: Connection timed out: connect" type="org.apache.http.conn.HttpHostConnectException">org.apache.http.conn.HttpHostConnectException: Connect to apitest.hishenghuo.com.cn:4000 [apitest.hishenghuo.com.cn/180.168.92.154] failed: Connection timed out: connect
	at hlife.test.integration.LiveRtcFunc.chatroomManagement(LiveRtcFunc.java:767)
	at hlife.test.integration.LiveRtcFunc.chatroomUserAgree(LiveRtcFunc.java:298)
Caused by: java.net.ConnectException: Connection timed out: connect
	at hlife.test.integration.LiveRtcFunc.chatroomManagement(LiveRtcFunc.java:767)
	at hlife.test.integration.LiveRtcFunc.chatroomUserAgree(LiveRtcFunc.java:298)
</failure>
    <system-out><![CDATA[access_token:$2y$13$m12yynupQTd8nd93N/67ceuQav1daTc30Wj20RzQF7/bIw3sWoWfa
liveId:9179
2021-09-23 18:04:52 183 INFO  PropertiesUtils:169 - http://apitest.hishenghuo.com.cn:4000/union/chatroom/userAgree/
2021-09-23 18:04:52 502 INFO  LiveRoom:278 - {"msg":"操作成功","data":{"uid":"4062","muteAll":0,"channel":"tj_prod_9179","liveId":"9179","token":"0064864e2786c98440b8563d83799591cfeIADXHKgDT8bmQ0XMZwpo3Ns5P2xxVCjroc1KMhApnzCp308De4uPla07EADfGgEAxqJNYQEAAQDGRVBh"},"status":1}
access_token:$2y$13$m12yynupQTd8nd93N/67ceuQav1daTc30Wj20RzQF7/bIw3sWoWfa
liveId:9179
2021-09-23 18:04:55 504 INFO  PropertiesUtils:169 - http://apitest.hishenghuo.com.cn:4000/union/chatroom/userAgree/
2021-09-23 18:04:55 665 INFO  LiveRoom:289 - {"msg":"您已在聊天室","data":{},"status":0}
access_token:$2y$13$12aCHYsluE/ywtDKXmgb0.mom.OpSlGAfJei2rUCXxoIp5CA6yoi6
liveId:9179
2021-09-23 18:04:55 667 INFO  PropertiesUtils:169 - http://apitest.hishenghuo.com.cn:4000/union/chatroom/inviteList/
2021-09-23 18:04:55 829 INFO  LiveRoom:730 - {"msg":"获取用户列表成功","data":{"pager":{"pagecount":0},"list":[]},"status":1}
access_token:$2y$13$12aCHYsluE/ywtDKXmgb0.mom.OpSlGAfJei2rUCXxoIp5CA6yoi6
liveId:9179
2021-09-23 18:04:55 830 INFO  PropertiesUtils:169 - http://apitest.hishenghuo.com.cn:4000/union/chatroom/management/
]]></system-out>
  </testcase>
  <testcase name="chatroomManage" classname="hlife.test.integration.LiveRtcFunc" time="0">
    <skipped message="Method LiveRtcFunc.chatroomManage()[pri:0, instance:hlife.test.integration.LiveRtcFunc@16267862] depends on not successfully finished methods"/>
  </testcase>
  <testcase name="chatroomMuteAll" classname="hlife.test.integration.LiveRtcFunc" time="0">
    <skipped message="Method LiveRtcFunc.chatroomMuteAll()[pri:0, instance:hlife.test.integration.LiveRtcFunc@16267862] depends on not successfully finished methods"/>
  </testcase>
  <testcase name="chatroomManage_getout" classname="hlife.test.integration.LiveRtcFunc" time="0">
    <skipped message="Method LiveRtcFunc.chatroomManage_getout()[pri:0, instance:hlife.test.integration.LiveRtcFunc@16267862] depends on not successfully finished methods"/>
  </testcase>
  <testcase name="chatroomApply" classname="hlife.test.integration.LiveRtcFunc" time="0">
    <skipped message="Method LiveRtcFunc.chatroomApply()[pri:0, instance:hlife.test.integration.LiveRtcFunc@16267862] depends on not successfully finished methods"/>
  </testcase>
  <testcase name="chatroomApplyList" classname="hlife.test.integration.LiveRtcFunc" time="0">
    <skipped message="Method LiveRtcFunc.chatroomApplyList()[pri:0, instance:hlife.test.integration.LiveRtcFunc@16267862] depends on not successfully finished methods"/>
  </testcase>
  <testcase name="chatroomAgree" classname="hlife.test.integration.LiveRtcFunc" time="0">
    <skipped message="Method LiveRtcFunc.chatroomAgree()[pri:0, instance:hlife.test.integration.LiveRtcFunc@16267862] depends on not successfully finished methods"/>
  </testcase>
  <testcase name="chatroomUserCloseMute" classname="hlife.test.integration.LiveRtcFunc" time="0">
    <skipped message="Method LiveRtcFunc.chatroomUserCloseMute()[pri:0, instance:hlife.test.integration.LiveRtcFunc@16267862] depends on not successfully finished methods"/>
  </testcase>
  <testcase name="liveCloseRtcFunc" classname="hlife.test.integration.LiveRtcFunc" time="0">
    <skipped message="Method LiveRtcFunc.liveCloseRtcFunc()[pri:0, instance:hlife.test.integration.LiveRtcFunc@16267862] depends on not successfully finished methods"/>
  </testcase>
  <testcase name="houseDefaultCity" classname="hlife.test.integration.LivePower" time="0.135"/>
  <testcase name="liveCategoryList" classname="hlife.test.integration.LivePower" time="0.161"/>
  <testcase name="house_list" classname="hlife.test.integration.LivePower" time="1.662"/>
  <testcase name="liveCreate" classname="hlife.test.integration.LivePower" time="2.973"/>
  <testcase name="liveJoin" classname="hlife.test.integration.LivePower" time="0.598"/>
  <testcase name="publicReDataEdit" classname="hlife.test.integration.LivePower" time="0.345"/>
  <testcase name="publicReDataList" classname="hlife.test.integration.LivePower" time="1.483"/>
  <testcase name="liveBan" classname="hlife.test.integration.LivePower" time="0.745"/>
  <testcase name="liveBlock" classname="hlife.test.integration.LivePower" time="1.608"/>
  <testcase name="liveManageAdd" classname="hlife.test.integration.LivePower" time="0.523"/>
  <testcase name="liveReShow" classname="hlife.test.integration.LivePower" time="0.5"/>
  <testcase name="liveManageDel" classname="hlife.test.integration.LivePower" time="0.546"/>
  <testcase name="liveUnBan" classname="hlife.test.integration.LivePower" time="0.836"/>
  <testcase name="liveUnBlock" classname="hlife.test.integration.LivePower" time="0.919"/>
  <testcase name="liveReHide" classname="hlife.test.integration.LivePower" time="0.5"/>
  <testcase name="cardorderVerifyInvoice" classname="hlife.test.integration.Giftcard" time="15.977"/>
  <testcase name="coursecardList" classname="hlife.test.integration.Giftcard" time="2.007"/>
  <testcase name="invoicesCreatetitle" classname="hlife.test.integration.Giftcard" time="3.353"/>
  <testcase name="coursecardCooperation" classname="hlife.test.integration.Giftcard" time="0.147"/>
  <testcase name="cardorderCreateOrder" classname="hlife.test.integration.Giftcard" time="0.17"/>
  <testcase name="coursecardDetail" classname="hlife.test.integration.Giftcard" time="8.148"/>
  <testcase name="invoicesListtitle" classname="hlife.test.integration.Giftcard" time="0.175"/>
  <testcase name="cardorderList" classname="hlife.test.integration.Giftcard" time="0.337"/>
  <testcase name="invoicesDeletetitle" classname="hlife.test.integration.Giftcard" time="0.646"/>
  <testcase name="cardorderCancel" classname="hlife.test.integration.Giftcard" time="0.159"/>
  <testcase name="cardorderDelete" classname="hlife.test.integration.Giftcard" time="0.155"/>
  <testcase name="tagList" classname="hlife.test.integration.HouseList" time="0.158"/>
  <testcase name="city" classname="hlife.test.integration.HouseList" time="0.159"/>
  <testcase name="brandList" classname="hlife.test.integration.HouseList" time="1.981"/>
  <testcase name="houseList" classname="hlife.test.integration.HouseList" time="23.561"/>
  <testcase name="houseList_barand" classname="hlife.test.integration.HouseList" time="15.437"/>
</testsuite>