<?xml version="1.0" encoding="UTF-8"?>
<testng-results skipped="0" failed="0" ignored="0" total="2" passed="2">
  <reporter-output>
    <line>
      <![CDATA[country_code:86]]>
    </line>
    <line>
      <![CDATA[password:9999]]>
    </line>
    <line>
      <![CDATA[type:1]]>
    </line>
    <line>
      <![CDATA[uuid:00000000-53a8-ae41-ffff-ffffef05ac4a]]>
    </line>
    <line>
      <![CDATA[platform:taiji]]>
    </line>
    <line>
      <![CDATA[username:17611111111]]>
    </line>
    <line>
      <![CDATA[http://apitest.hishenghuo.com.cn:4000/union/login/verify/]]>
    </line>
    <line>
      <![CDATA[{"msg":"登录成功","data":{"is_bind_phone":1,"is_new":0,"rong_token":"rTXn/90+dWQ7FnYIFWi7uASvkYGdp6ez8fkyEVk1Z/M=@03h7.cn.rongnav.com;03h7.cn.rongcfg.com","rong_id":"4030","avatar":"http://file.hishenghuo.com.cn/taiji/avatar.png","isset_pswd":1,"access_token":"$2y$13$JyHrqatti7HY8jMhQJOr6.UHNQnN0OV/k7afW9XH1man.d/9l1QcW","country_code":"86","user_pid":"0","phone":"17611111111","nickname":"176****1111","guid":"hsu17937a5b0988477ba4185d5cc9bac5ec","id":"4030","switch_open":0,"username":"102672"},"status":1}]]>
    </line>
    <line>
      <![CDATA[password:123456]]>
    </line>
    <line>
      <![CDATA[type:3]]>
    </line>
    <line>
      <![CDATA[username:17611111111]]>
    </line>
    <line>
      <![CDATA[http://apitest.hishenghuo.com.cn:4000/union/login/verify/]]>
    </line>
    <line>
      <![CDATA[{"msg":"登录成功","data":{"is_bind_phone":1,"is_new":0,"rong_token":"rTXn/90+dWQ7FnYIFWi7uASvkYGdp6ez8fkyEVk1Z/M=@03h7.cn.rongnav.com;03h7.cn.rongcfg.com","rong_id":"4030","avatar":"http://file.hishenghuo.com.cn/taiji/avatar.png","isset_pswd":1,"access_token":"$2y$13$JyHrqatti7HY8jMhQJOr6.UHNQnN0OV/k7afW9XH1man.d/9l1QcW","country_code":"86","user_pid":"0","phone":"17611111111","nickname":"176****1111","guid":"hsu17937a5b0988477ba4185d5cc9bac5ec","id":"4030","switch_open":0,"username":"102672"},"status":1}]]>
    </line>
    <line>
      <![CDATA[头像不为空，用例通过]]>
    </line>
    <line>
      <![CDATA[http://file.hishenghuo.com.cn/taiji/avatar.png]]>
    </line>
    <line>
      <![CDATA[头像可以成功访问，用例通过]]>
    </line>
    <line>
      <![CDATA[access_token不为空，用例通过]]>
    </line>
    <line>
      <![CDATA[password:123456]]>
    </line>
    <line>
      <![CDATA[type:3]]>
    </line>
    <line>
      <![CDATA[username:17611]]>
    </line>
    <line>
      <![CDATA[http://apitest.hishenghuo.com.cn:4000/union/login/verify/]]>
    </line>
    <line>
      <![CDATA[{"msg":"登陆失败，账号不存在！","status":0}]]>
    </line>
    <line>
      <![CDATA[执行手机号正确，密码错误用例]]>
    </line>
    <line>
      <![CDATA[password:123457]]>
    </line>
    <line>
      <![CDATA[type:3]]>
    </line>
    <line>
      <![CDATA[username:17611111111]]>
    </line>
    <line>
      <![CDATA[http://apitest.hishenghuo.com.cn:4000/union/login/verify/]]>
    </line>
    <line>
      <![CDATA[{"msg":"密码错误","status":0}]]>
    </line>
    <line>
      <![CDATA[执行手机号正确，密码为空用例]]>
    </line>
    <line>
      <![CDATA[password:]]>
    </line>
    <line>
      <![CDATA[type:3]]>
    </line>
    <line>
      <![CDATA[username:17611111111]]>
    </line>
    <line>
      <![CDATA[http://apitest.hishenghuo.com.cn:4000/union/login/verify/]]>
    </line>
    <line>
      <![CDATA[{"msg":"密码不能为空","data":{},"status":0}]]>
    </line>
    <line>
      <![CDATA[执行手机号正确，密码错误用例]]>
    </line>
    <line>
      <![CDATA[password:123]]>
    </line>
    <line>
      <![CDATA[type:3]]>
    </line>
    <line>
      <![CDATA[username:17611111111]]>
    </line>
    <line>
      <![CDATA[http://apitest.hishenghuo.com.cn:4000/union/login/verify/]]>
    </line>
    <line>
      <![CDATA[{"msg":"密码只能为6到20位","data":{},"status":0}]]>
    </line>
    <line>
      <![CDATA[country_code:86]]>
    </line>
    <line>
      <![CDATA[password:9999]]>
    </line>
    <line>
      <![CDATA[type:1]]>
    </line>
    <line>
      <![CDATA[uuid:00000000-53a8-ae41-ffff-ffffef05ac4a]]>
    </line>
    <line>
      <![CDATA[platform:taiji]]>
    </line>
    <line>
      <![CDATA[username:17611111111]]>
    </line>
    <line>
      <![CDATA[http://apitest.hishenghuo.com.cn:4000/union/login/verify/]]>
    </line>
    <line>
      <![CDATA[{"msg":"登录成功","data":{"is_bind_phone":1,"is_new":0,"rong_token":"rTXn/90+dWQ7FnYIFWi7uASvkYGdp6ez8fkyEVk1Z/M=@03h7.cn.rongnav.com;03h7.cn.rongcfg.com","rong_id":"4030","avatar":"http://file.hishenghuo.com.cn/taiji/avatar.png","isset_pswd":1,"access_token":"$2y$13$JyHrqatti7HY8jMhQJOr6.UHNQnN0OV/k7afW9XH1man.d/9l1QcW","country_code":"86","user_pid":"0","phone":"17611111111","nickname":"176****1111","guid":"hsu17937a5b0988477ba4185d5cc9bac5ec","id":"4030","switch_open":0,"username":"102672"},"status":1}]]>
    </line>
    <line>
      <![CDATA[头像不为空，用例通过]]>
    </line>
    <line>
      <![CDATA[http://file.hishenghuo.com.cn/taiji/avatar.png]]>
    </line>
    <line>
      <![CDATA[头像可以成功访问，用例通过]]>
    </line>
    <line>
      <![CDATA[access_token不为空，用例通过]]>
    </line>
    <line>
      <![CDATA[password:9988]]>
    </line>
    <line>
      <![CDATA[type:1]]>
    </line>
    <line>
      <![CDATA[username:17611111111]]>
    </line>
    <line>
      <![CDATA[http://apitest.hishenghuo.com.cn:4000/union/login/verify/]]>
    </line>
    <line>
      <![CDATA[{"msg":"验证码不正确","data":{},"status":0}]]>
    </line>
    <line>
      <![CDATA[手机号正确，验证码不正确，用例通过]]>
    </line>
    <line>
      <![CDATA[password:9999]]>
    </line>
    <line>
      <![CDATA[type:1]]>
    </line>
    <line>
      <![CDATA[username:]]>
    </line>
    <line>
      <![CDATA[http://apitest.hishenghuo.com.cn:4000/union/login/verify/]]>
    </line>
    <line>
      <![CDATA[{"msg":"手机号码不能为空","data":{},"status":0}]]>
    </line>
    <line>
      <![CDATA[手机号为空，验证码正确，用例通过]]>
    </line>
    <line>
      <![CDATA[password:]]>
    </line>
    <line>
      <![CDATA[type:1]]>
    </line>
    <line>
      <![CDATA[username:17611111111]]>
    </line>
    <line>
      <![CDATA[http://apitest.hishenghuo.com.cn:4000/union/login/verify/]]>
    </line>
    <line>
      <![CDATA[{"msg":"验证码不能为空","data":{},"status":0}]]>
    </line>
    <line>
      <![CDATA[手机号正确，验证码为空，用例通过]]>
    </line>
    <line>
      <![CDATA[password:9999]]>
    </line>
    <line>
      <![CDATA[type:1]]>
    </line>
    <line>
      <![CDATA[username:176111]]>
    </line>
    <line>
      <![CDATA[http://apitest.hishenghuo.com.cn:4000/union/login/verify/]]>
    </line>
    <line>
      <![CDATA[{"msg":"手机号码有误","data":{},"status":0}]]>
    </line>
    <line>
      <![CDATA[手机号不正确，验证码正确，用例通过]]>
    </line>
  </reporter-output>
  <suite name="登录相关" duration-ms="61159" started-at="2021-08-13T09:42:17Z" finished-at="2021-08-13T09:43:18Z">
    <groups>
      <group name="Fast">
        <method signature="Fast.pwdFast()[pri:0, instance:hlife.test.integration.Fast@4cf4d528]" name="pwdFast" class="hlife.test.integration.Fast"/>
        <method signature="Fast.verifyFast()[pri:0, instance:hlife.test.integration.Fast@4cf4d528]" name="verifyFast" class="hlife.test.integration.Fast"/>
      </group> <!-- Fast -->
    </groups>
    <test name="我的页面" duration-ms="61159" started-at="2021-08-13T09:42:17Z" finished-at="2021-08-13T09:43:18Z">
      <class name="hlife.test.integration.Fast">
        <test-method status="PASS" signature="setUp()[pri:0, instance:hlife.test.integration.Fast@4cf4d528]" name="setUp" is-config="true" duration-ms="6599" started-at="2021-08-13T09:42:17Z" finished-at="2021-08-13T09:42:24Z">
          <reporter-output>
            <line>
              <![CDATA[country_code:86]]>
            </line>
            <line>
              <![CDATA[password:9999]]>
            </line>
            <line>
              <![CDATA[type:1]]>
            </line>
            <line>
              <![CDATA[uuid:00000000-53a8-ae41-ffff-ffffef05ac4a]]>
            </line>
            <line>
              <![CDATA[platform:taiji]]>
            </line>
            <line>
              <![CDATA[username:17611111111]]>
            </line>
            <line>
              <![CDATA[http://apitest.hishenghuo.com.cn:4000/union/login/verify/]]>
            </line>
            <line>
              <![CDATA[{"msg":"登录成功","data":{"is_bind_phone":1,"is_new":0,"rong_token":"rTXn/90+dWQ7FnYIFWi7uASvkYGdp6ez8fkyEVk1Z/M=@03h7.cn.rongnav.com;03h7.cn.rongcfg.com","rong_id":"4030","avatar":"http://file.hishenghuo.com.cn/taiji/avatar.png","isset_pswd":1,"access_token":"$2y$13$JyHrqatti7HY8jMhQJOr6.UHNQnN0OV/k7afW9XH1man.d/9l1QcW","country_code":"86","user_pid":"0","phone":"17611111111","nickname":"176****1111","guid":"hsu17937a5b0988477ba4185d5cc9bac5ec","id":"4030","switch_open":0,"username":"102672"},"status":1}]]>
            </line>
          </reporter-output>
        </test-method> <!-- setUp -->
        <test-method status="PASS" signature="pwdFast()[pri:0, instance:hlife.test.integration.Fast@4cf4d528]" name="pwdFast" duration-ms="27921" started-at="2021-08-13T09:42:24Z" finished-at="2021-08-13T09:42:52Z">
          <reporter-output>
            <line>
              <![CDATA[password:123456]]>
            </line>
            <line>
              <![CDATA[type:3]]>
            </line>
            <line>
              <![CDATA[username:17611111111]]>
            </line>
            <line>
              <![CDATA[http://apitest.hishenghuo.com.cn:4000/union/login/verify/]]>
            </line>
            <line>
              <![CDATA[{"msg":"登录成功","data":{"is_bind_phone":1,"is_new":0,"rong_token":"rTXn/90+dWQ7FnYIFWi7uASvkYGdp6ez8fkyEVk1Z/M=@03h7.cn.rongnav.com;03h7.cn.rongcfg.com","rong_id":"4030","avatar":"http://file.hishenghuo.com.cn/taiji/avatar.png","isset_pswd":1,"access_token":"$2y$13$JyHrqatti7HY8jMhQJOr6.UHNQnN0OV/k7afW9XH1man.d/9l1QcW","country_code":"86","user_pid":"0","phone":"17611111111","nickname":"176****1111","guid":"hsu17937a5b0988477ba4185d5cc9bac5ec","id":"4030","switch_open":0,"username":"102672"},"status":1}]]>
            </line>
            <line>
              <![CDATA[头像不为空，用例通过]]>
            </line>
            <line>
              <![CDATA[http://file.hishenghuo.com.cn/taiji/avatar.png]]>
            </line>
            <line>
              <![CDATA[头像可以成功访问，用例通过]]>
            </line>
            <line>
              <![CDATA[access_token不为空，用例通过]]>
            </line>
            <line>
              <![CDATA[password:123456]]>
            </line>
            <line>
              <![CDATA[type:3]]>
            </line>
            <line>
              <![CDATA[username:17611]]>
            </line>
            <line>
              <![CDATA[http://apitest.hishenghuo.com.cn:4000/union/login/verify/]]>
            </line>
            <line>
              <![CDATA[{"msg":"登陆失败，账号不存在！","status":0}]]>
            </line>
            <line>
              <![CDATA[执行手机号正确，密码错误用例]]>
            </line>
            <line>
              <![CDATA[password:123457]]>
            </line>
            <line>
              <![CDATA[type:3]]>
            </line>
            <line>
              <![CDATA[username:17611111111]]>
            </line>
            <line>
              <![CDATA[http://apitest.hishenghuo.com.cn:4000/union/login/verify/]]>
            </line>
            <line>
              <![CDATA[{"msg":"密码错误","status":0}]]>
            </line>
            <line>
              <![CDATA[执行手机号正确，密码为空用例]]>
            </line>
            <line>
              <![CDATA[password:]]>
            </line>
            <line>
              <![CDATA[type:3]]>
            </line>
            <line>
              <![CDATA[username:17611111111]]>
            </line>
            <line>
              <![CDATA[http://apitest.hishenghuo.com.cn:4000/union/login/verify/]]>
            </line>
            <line>
              <![CDATA[{"msg":"密码不能为空","data":{},"status":0}]]>
            </line>
            <line>
              <![CDATA[执行手机号正确，密码错误用例]]>
            </line>
            <line>
              <![CDATA[password:123]]>
            </line>
            <line>
              <![CDATA[type:3]]>
            </line>
            <line>
              <![CDATA[username:17611111111]]>
            </line>
            <line>
              <![CDATA[http://apitest.hishenghuo.com.cn:4000/union/login/verify/]]>
            </line>
            <line>
              <![CDATA[{"msg":"密码只能为6到20位","data":{},"status":0}]]>
            </line>
          </reporter-output>
        </test-method> <!-- pwdFast -->
        <test-method status="PASS" signature="verifyFast()[pri:0, instance:hlife.test.integration.Fast@4cf4d528]" name="verifyFast" duration-ms="26609" started-at="2021-08-13T09:42:52Z" finished-at="2021-08-13T09:43:18Z">
          <reporter-output>
            <line>
              <![CDATA[country_code:86]]>
            </line>
            <line>
              <![CDATA[password:9999]]>
            </line>
            <line>
              <![CDATA[type:1]]>
            </line>
            <line>
              <![CDATA[uuid:00000000-53a8-ae41-ffff-ffffef05ac4a]]>
            </line>
            <line>
              <![CDATA[platform:taiji]]>
            </line>
            <line>
              <![CDATA[username:17611111111]]>
            </line>
            <line>
              <![CDATA[http://apitest.hishenghuo.com.cn:4000/union/login/verify/]]>
            </line>
            <line>
              <![CDATA[{"msg":"登录成功","data":{"is_bind_phone":1,"is_new":0,"rong_token":"rTXn/90+dWQ7FnYIFWi7uASvkYGdp6ez8fkyEVk1Z/M=@03h7.cn.rongnav.com;03h7.cn.rongcfg.com","rong_id":"4030","avatar":"http://file.hishenghuo.com.cn/taiji/avatar.png","isset_pswd":1,"access_token":"$2y$13$JyHrqatti7HY8jMhQJOr6.UHNQnN0OV/k7afW9XH1man.d/9l1QcW","country_code":"86","user_pid":"0","phone":"17611111111","nickname":"176****1111","guid":"hsu17937a5b0988477ba4185d5cc9bac5ec","id":"4030","switch_open":0,"username":"102672"},"status":1}]]>
            </line>
            <line>
              <![CDATA[头像不为空，用例通过]]>
            </line>
            <line>
              <![CDATA[http://file.hishenghuo.com.cn/taiji/avatar.png]]>
            </line>
            <line>
              <![CDATA[头像可以成功访问，用例通过]]>
            </line>
            <line>
              <![CDATA[access_token不为空，用例通过]]>
            </line>
            <line>
              <![CDATA[password:9988]]>
            </line>
            <line>
              <![CDATA[type:1]]>
            </line>
            <line>
              <![CDATA[username:17611111111]]>
            </line>
            <line>
              <![CDATA[http://apitest.hishenghuo.com.cn:4000/union/login/verify/]]>
            </line>
            <line>
              <![CDATA[{"msg":"验证码不正确","data":{},"status":0}]]>
            </line>
            <line>
              <![CDATA[手机号正确，验证码不正确，用例通过]]>
            </line>
            <line>
              <![CDATA[password:9999]]>
            </line>
            <line>
              <![CDATA[type:1]]>
            </line>
            <line>
              <![CDATA[username:]]>
            </line>
            <line>
              <![CDATA[http://apitest.hishenghuo.com.cn:4000/union/login/verify/]]>
            </line>
            <line>
              <![CDATA[{"msg":"手机号码不能为空","data":{},"status":0}]]>
            </line>
            <line>
              <![CDATA[手机号为空，验证码正确，用例通过]]>
            </line>
            <line>
              <![CDATA[password:]]>
            </line>
            <line>
              <![CDATA[type:1]]>
            </line>
            <line>
              <![CDATA[username:17611111111]]>
            </line>
            <line>
              <![CDATA[http://apitest.hishenghuo.com.cn:4000/union/login/verify/]]>
            </line>
            <line>
              <![CDATA[{"msg":"验证码不能为空","data":{},"status":0}]]>
            </line>
            <line>
              <![CDATA[手机号正确，验证码为空，用例通过]]>
            </line>
            <line>
              <![CDATA[password:9999]]>
            </line>
            <line>
              <![CDATA[type:1]]>
            </line>
            <line>
              <![CDATA[username:176111]]>
            </line>
            <line>
              <![CDATA[http://apitest.hishenghuo.com.cn:4000/union/login/verify/]]>
            </line>
            <line>
              <![CDATA[{"msg":"手机号码有误","data":{},"status":0}]]>
            </line>
            <line>
              <![CDATA[手机号不正确，验证码正确，用例通过]]>
            </line>
          </reporter-output>
        </test-method> <!-- verifyFast -->
      </class> <!-- hlife.test.integration.Fast -->
    </test> <!-- 我的页面 -->
  </suite> <!-- 登录相关 -->
</testng-results>
