<?xml version="1.0" encoding="UTF-8"?>
<!-- Generated by org.testng.reporters.JUnitXMLReporter -->
<testsuite hostname="DESK-20180722NA" ignored="0" name="直播间" tests="15" failures="1" timestamp="23 Sep 2021 10:01:38 GMT" time="54.25" errors="0">
  <testcase name="liveCategoryList" time="0.151" classname="hlife.test.integration.LiveGift"/>
  <testcase name="remind" time="0.001" classname="hlife.test.integration.LiveGift">
    <failure type="java.lang.AssertionError" message="每间隔1天，判断gift_pop是否走等于0的逻辑liveGiftPopInfo方法 expected [false] but found [true]">
      <![CDATA[java.lang.AssertionError: 每间隔1天，判断gift_pop是否走等于0的逻辑liveGiftPopInfo方法 expected [false] but found [true]
at hlife.test.integration.LiveGift.remind(LiveGift.java:673)
... Removed 36 stack frames]]>
    </failure>
  </testcase> <!-- remind -->
  <testcase name="liveCreate" time="3.118" classname="hlife.test.integration.LiveGift"/>
  <testcase name="liveDetail" time="0.34" classname="hlife.test.integration.LiveGift"/>
  <testcase name="liveJoin" time="0.588" classname="hlife.test.integration.LiveGift"/>
  <testcase name="liveGiftPopInfo" time="0.001" classname="hlife.test.integration.LiveGift"/>
  <testcase name="liveOnlineUser" time="6.186" classname="hlife.test.integration.LiveGift"/>
  <testcase name="liveOpera" time="0.615" classname="hlife.test.integration.LiveGift"/>
  <testcase name="liveQuit" time="0.178" classname="hlife.test.integration.LiveGift"/>
  <testcase name="againCreate" time="3.146" classname="hlife.test.integration.LiveGift"/>
  <testcase name="isDel" time="6.005" classname="hlife.test.integration.LiveGift"/>
  <testcase name="liveGiftList" time="2.345" classname="hlife.test.integration.LiveGift"/>
  <testcase name="liveGiftSend" time="1.214" classname="hlife.test.integration.LiveGift"/>
  <testcase name="payCopperRechargePackage" time="0.0" classname="hlife.test.integration.LiveGift"/>
  <testcase name="liveGiftUser" time="6.799" classname="hlife.test.integration.LiveGift"/>
</testsuite> <!-- 直播间 -->
