<?xml version="1.0" encoding="UTF-8"?>
<!-- Generated by org.testng.reporters.JUnitXMLReporter -->
<testsuite hostname="DESK-20180722NA" ignored="0" name="直播预告列表" tests="12" failures="0" timestamp="23 Sep 2021 10:02:35 GMT" time="56.431" errors="0">
  <testcase name="advList" time="0.659" classname="hlife.test.integration.LiveNoticeList"/>
  <testcase name="createLiveNotice" time="1.517" classname="hlife.test.integration.LiveNoticeList"/>
  <testcase name="liveCategoryList" time="0.153" classname="hlife.test.integration.LiveNoticeList"/>
  <testcase name="liveNoticeDet" time="0.656" classname="hlife.test.integration.LiveNoticeList"/>
  <testcase name="liveNoticeFocuslist" time="1.461" classname="hlife.test.integration.LiveNoticeList"/>
  <testcase name="setLiveNoticeRecommend" time="0.0" classname="hlife.test.integration.LiveNoticeList"/>
  <testcase name="liveNoticeEnroll" time="12.82" classname="hlife.test.integration.LiveNoticeList"/>
  <testcase name="liveNoticeList" time="1.115" classname="hlife.test.integration.LiveNoticeList"/>
  <testcase name="liveNoticeRecommendList" time="2.781" classname="hlife.test.integration.LiveNoticeList"/>
  <testcase name="cancelEnroll" time="3.324" classname="hlife.test.integration.LiveNoticeList"/>
  <testcase name="liveNoticeList_mine" time="8.296" classname="hlife.test.integration.LiveNoticeList"/>
  <testcase name="liveNoticeCancel" time="0.165" classname="hlife.test.integration.LiveNoticeList"/>
</testsuite> <!-- 直播预告列表 -->
