<?xml version="1.0" encoding="UTF-8"?>
<!-- Generated by org.testng.reporters.JUnitXMLReporter -->
<testsuite hostname="DESK-20180722NA" ignored="0" name="礼品卡相关" tests="11" failures="0" timestamp="23 Sep 2021 10:06:50 GMT" time="54.613" errors="0">
  <testcase name="cardorderVerifyInvoice" time="15.964" classname="hlife.test.integration.Giftcard"/>
  <testcase name="coursecardList" time="1.996" classname="hlife.test.integration.Giftcard"/>
  <testcase name="invoicesCreatetitle" time="3.308" classname="hlife.test.integration.Giftcard"/>
  <testcase name="coursecardCooperation" time="0.147" classname="hlife.test.integration.Giftcard"/>
  <testcase name="cardorderCreateOrder" time="0.168" classname="hlife.test.integration.Giftcard"/>
  <testcase name="coursecardDetail" time="8.107" classname="hlife.test.integration.Giftcard"/>
  <testcase name="invoicesListtitle" time="0.166" classname="hlife.test.integration.Giftcard"/>
  <testcase name="cardorderList" time="0.332" classname="hlife.test.integration.Giftcard"/>
  <testcase name="invoicesDeletetitle" time="0.637" classname="hlife.test.integration.Giftcard"/>
  <testcase name="cardorderCancel" time="0.158" classname="hlife.test.integration.Giftcard"/>
  <testcase name="cardorderDelete" time="0.153" classname="hlife.test.integration.Giftcard"/>
</testsuite> <!-- 礼品卡相关 -->
